<?xml version="1.0" encoding="UTF-8"?>
<testsuite name="com.matodata.lyi.LyiApplicationTests" tests="1" skipped="0" failures="0" errors="0" timestamp="2025-04-17T10:41:35.197Z" hostname="ps5users-MacBook-Air.local" time="0.325">
  <properties/>
  <testcase name="contextLoads()" classname="com.matodata.lyi.LyiApplicationTests" time="0.325"/>
  <system-out><![CDATA[16:11:33.974 [Test worker] INFO org.springframework.test.context.support.AnnotationConfigContextLoaderUtils -- Could not detect default configuration classes for test class [com.matodata.lyi.LyiApplicationTests]: LyiApplicationTests does not declare any static, non-private, non-final, nested classes annotated with @Configuration.
16:11:34.016 [Test worker] INFO org.springframework.boot.test.context.SpringBootTestContextBootstrapper -- Found @SpringBootConfiguration com.matodata.lyi.LyiApplication for test class com.matodata.lyi.LyiApplicationTests

  .   ____          _            __ _ _
 /\\ / ___'_ __ _ _(_)_ __  __ _ \ \ \ \
( ( )\___ | '_ | '_| | '_ \/ _` | \ \ \ \
 \\/  ___)| |_)| | | | | || (_| |  ) ) ) )
  '  |____| .__|_| |_|_| |_\__, | / / / /
 =========|_|==============|___/=/_/_/_/
 :: Spring Boot ::                (v3.2.3)

2025-04-17T16:11:34.164+05:30  INFO 82666 --- [lyi-monolith] [    Test worker] com.matodata.lyi.LyiApplicationTests     : Starting LyiApplicationTests using Java 17.0.12 with PID 82666 (started by ps5user in /Users/ps5user/Documents/repos/matodata/lyi-monolith)
2025-04-17T16:11:34.165+05:30  INFO 82666 --- [lyi-monolith] [    Test worker] com.matodata.lyi.LyiApplicationTests     : No active profile set, falling back to 1 default profile: "default"
2025-04-17T16:11:34.418+05:30  INFO 82666 --- [lyi-monolith] [    Test worker] .s.d.r.c.RepositoryConfigurationDelegate : Bootstrapping Spring Data JPA repositories in DEFAULT mode.
2025-04-17T16:11:34.426+05:30  INFO 82666 --- [lyi-monolith] [    Test worker] .s.d.r.c.RepositoryConfigurationDelegate : Finished Spring Data repository scanning in 4 ms. Found 0 JPA repository interfaces.
2025-04-17T16:11:34.582+05:30  INFO 82666 --- [lyi-monolith] [    Test worker] o.hibernate.jpa.internal.util.LogHelper  : HHH000204: Processing PersistenceUnitInfo [name: default]
2025-04-17T16:11:34.612+05:30  INFO 82666 --- [lyi-monolith] [    Test worker] org.hibernate.Version                    : HHH000412: Hibernate ORM core version 6.4.4.Final
2025-04-17T16:11:34.627+05:30  INFO 82666 --- [lyi-monolith] [    Test worker] o.h.c.internal.RegionFactoryInitiator    : HHH000026: Second-level cache disabled
2025-04-17T16:11:34.720+05:30  INFO 82666 --- [lyi-monolith] [    Test worker] o.s.o.j.p.SpringPersistenceUnitInfo      : No LoadTimeWeaver setup: ignoring JPA class transformer
2025-04-17T16:11:34.731+05:30  INFO 82666 --- [lyi-monolith] [    Test worker] com.zaxxer.hikari.HikariDataSource       : HikariPool-1 - Starting...
2025-04-17T16:11:34.809+05:30  INFO 82666 --- [lyi-monolith] [    Test worker] com.zaxxer.hikari.pool.HikariPool        : HikariPool-1 - Added connection conn0: url=jdbc:h2:mem:lyidb user=SA
2025-04-17T16:11:34.810+05:30  INFO 82666 --- [lyi-monolith] [    Test worker] com.zaxxer.hikari.HikariDataSource       : HikariPool-1 - Start completed.
2025-04-17T16:11:34.822+05:30  WARN 82666 --- [lyi-monolith] [    Test worker] org.hibernate.orm.deprecation            : HHH90000025: H2Dialect does not need to be specified explicitly using 'hibernate.dialect' (remove the property setting and it will be selected by default)
2025-04-17T16:11:34.959+05:30  INFO 82666 --- [lyi-monolith] [    Test worker] o.h.e.t.j.p.i.JtaPlatformInitiator       : HHH000489: No JTA platform available (set 'hibernate.transaction.jta.platform' to enable JTA platform integration)
2025-04-17T16:11:34.961+05:30  INFO 82666 --- [lyi-monolith] [    Test worker] j.LocalContainerEntityManagerFactoryBean : Initialized JPA EntityManagerFactory for persistence unit 'default'
2025-04-17T16:11:35.024+05:30  WARN 82666 --- [lyi-monolith] [    Test worker] JpaBaseConfiguration$JpaWebConfiguration : spring.jpa.open-in-view is enabled by default. Therefore, database queries may be performed during view rendering. Explicitly configure spring.jpa.open-in-view to disable this warning
2025-04-17T16:11:35.164+05:30  INFO 82666 --- [lyi-monolith] [    Test worker] o.s.b.a.h2.H2ConsoleAutoConfiguration    : H2 console available at '/h2-console'. Database available at 'jdbc:h2:mem:lyidb'
2025-04-17T16:11:35.192+05:30  INFO 82666 --- [lyi-monolith] [    Test worker] com.matodata.lyi.LyiApplicationTests     : Started LyiApplicationTests in 1.116 seconds (process running for 1.605)
]]></system-out>
  <system-err><![CDATA[]]></system-err>
</testsuite>
